Problema #2
S | 
0 |
1 |
Sim, é satisfatível.

Problema #4
P | P v P
0 |     0
1 |     1
Sim, é satisfatível.

Problema #6
P R S | ~R  S v S  (S v S) < P  ((S v S) < P) & (~R)
0 0 0 |  1      0            1                     1
0 0 1 |  1      1            0                     0
0 1 0 |  0      0            1                     0
0 1 1 |  0      1            0                     0
1 0 0 |  1      0            0                     0
1 0 1 |  1      1            1                     1
1 1 0 |  0      0            0                     0
1 1 1 |  0      1            1                     0
Sim, é satisfatível.

Problema #15
R | R & R  ~(R & R)  (~(R & R)) v R  ~((~(R & R)) v R)
0 |     0         1               1                  0
1 |     1         0               1                  0
Não, não é satisfatível.

Problema #19
S | ~S  ~(~S)
0 |  1      0
1 |  0      1
Sim, é satisfatível.

Problema #55
P Q R S | ~P  ~R  Q & R  P > S  Q & Q  (~R) > ((((Q & Q) < (~P)) > Q) < ((P > S) < ((Q & R) < P)))  (Q & R) < P  (Q & Q) < (~P)  ((Q & Q) < (~P)) > Q  (P > S) < ((Q & R) < P)  (((Q & Q) < (~P)) > Q) < ((P > S) < ((Q & R) < P))
0 0 0 0 |  1   1      0      1      0                                                            0            1               0                     1                        1                                                   1
0 0 0 1 |  1   1      0      1      0                                                            0            1               0                     1                        1                                                   1
0 0 1 0 |  1   0      0      1      0                                                            0            1               0                     1                        1                                                   1
0 0 1 1 |  1   0      0      1      0                                                            0            1               0                     1                        1                                                   1
0 1 0 0 |  1   1      0      1      1                                                            0            1               1                     1                        1                                                   1
0 1 0 1 |  1   1      0      1      1                                                            0            1               1                     1                        1                                                   1
0 1 1 0 |  1   0      1      1      1                                                            0            0               1                     1                        0                                                   0
0 1 1 1 |  1   0      1      1      1                                                            0            0               1                     1                        0                                                   0
1 0 0 0 |  0   1      0      0      0                                                            0            0               1                     0                        1                                                   0
1 0 0 1 |  0   1      0      1      0                                                            0            0               1                     0                        0                                                   1
1 0 1 0 |  0   0      0      0      0                                                            0            0               1                     0                        1                                                   0
1 0 1 1 |  0   0      0      1      0                                                            0            0               1                     0                        0                                                   1
1 1 0 0 |  0   1      0      0      1                                                            0            0               0                     1                        1                                                   1
1 1 0 1 |  0   1      0      1      1                                                            0            0               0                     1                        0                                                   0
1 1 1 0 |  0   0      1      0      1                                                            0            1               0                     1                        0                                                   0
1 1 1 1 |  0   0      1      1      1                                                            0            1               0                     1                        1                                                   1
Sim, é satisfatível.

Problema #56
Q R S | ~R  Q > S  (Q > S) > (~R)
0 0 0 |  1      1               1
0 0 1 |  1      1               1
0 1 0 |  0      1               0
0 1 1 |  0      1               0
1 0 0 |  1      0               1
1 0 1 |  1      1               1
1 1 0 |  0      0               1
1 1 1 |  0      1               0
Sim, é satisfatível.

Problema #57
Q S | S > Q
0 0 |     1
0 1 |     0
1 0 |     1
1 1 |     1
Sim, é satisfatível.

Problema #58
P Q R | P > R  (~(P v ((P > R) < (P > R)))) < Q  P > R  (P > R) < (P > R)  P v ((P > R) < (P > R))  ~(P v ((P > R) < (P > R)))
0 0 0 |     1                                 0      1                  1                        1                           0
0 0 1 |     1                                 0      1                  1                        1                           0
0 1 0 |     1                                 0      1                  1                        1                           0
0 1 1 |     1                                 0      1                  1                        1                           0
1 0 0 |     0                                 0      0                  1                        1                           0
1 0 1 |     1                                 0      1                  1                        1                           0
1 1 0 |     0                                 0      0                  1                        1                           0
1 1 1 |     1                                 0      1                  1                        1                           0
Não, não é satisfatível.

Problema #59
R | 
0 |
1 |
Sim, é satisfatível.

Problema #60
P Q R S | R < P  S > Q  P < (R < P)  (S > Q) v (P < (R < P))
0 0 0 0 |     0      1            1                        1
0 0 0 1 |     0      0            1                        1
0 0 1 0 |     0      1            1                        1
0 0 1 1 |     0      0            1                        1
0 1 0 0 |     0      1            1                        1
0 1 0 1 |     0      1            1                        1
0 1 1 0 |     0      1            1                        1
0 1 1 1 |     0      1            1                        1
1 0 0 0 |     0      1            0                        1
1 0 0 1 |     0      0            0                        0
1 0 1 0 |     0      1            0                        1
1 0 1 1 |     0      0            0                        0
1 1 0 0 |     0      1            0                        1
1 1 0 1 |     0      1            0                        1
1 1 1 0 |     0      1            0                        1
1 1 1 1 |     0      1            0                        1
Sim, é satisfatível.

Problema #61
P Q R | R & P  Q & Q  Q v Q  Q v Q  Q & Q  R & P  P > (R & P)  P > (R & P)  (Q v Q) v (Q & Q)  (Q v Q) v (Q & Q)  ((Q v Q) v (Q & Q)) & (P > (R & P))  ((Q v Q) v (Q & Q)) & (P > (R & P))  (((Q v Q) v (Q & Q)) & (P > (R & P))) > (((Q v Q) v (Q & Q)) & (P > (R & P)))
0 0 0 |     0      0      0      0      0      0            1            1                  0                  0                                    0                                    0                                                                              1
0 0 1 |     0      0      0      0      0      0            1            1                  0                  0                                    0                                    0                                                                              1
0 1 0 |     0      1      1      1      1      0            1            1                  1                  1                                    1                                    1                                                                              1
0 1 1 |     0      1      1      1      1      0            1            1                  1                  1                                    1                                    1                                                                              1
1 0 0 |     0      0      0      0      0      0            0            0                  0                  0                                    0                                    0                                                                              1
1 0 1 |     1      0      0      0      0      1            1            1                  0                  0                                    0                                    0                                                                              1
1 1 0 |     0      1      1      1      1      0            0            0                  1                  1                                    0                                    0                                                                              1
1 1 1 |     1      1      1      1      1      1            1            1                  1                  1                                    1                                    1                                                                              1
Sim, é satisfatível.

Problema #62
P Q R S | ~R  Q < P  (Q < P) v R  S > ((Q < P) v R)  (S > ((Q < P) v R)) < (~R)
0 0 0 0 |  1      0            0                  1                           1
0 0 0 1 |  1      0            0                  0                           0
0 0 1 0 |  0      0            1                  1                           0
0 0 1 1 |  0      0            1                  1                           0
0 1 0 0 |  1      0            0                  1                           1
0 1 0 1 |  1      0            0                  0                           0
0 1 1 0 |  0      0            1                  1                           0
0 1 1 1 |  0      0            1                  1                           0
1 0 0 0 |  1      0            0                  1                           1
1 0 0 1 |  1      0            0                  0                           0
1 0 1 0 |  0      0            1                  1                           0
1 0 1 1 |  0      0            1                  1                           0
1 1 0 0 |  1      0            0                  1                           1
1 1 0 1 |  1      0            0                  0                           0
1 1 1 0 |  0      0            1                  1                           0
1 1 1 1 |  0      0            1                  1                           0
Sim, é satisfatível.

Problema #63
P R | P < R  P < R  P < R  P < R  P < R  P < R  P < R  P < R  P < R  (P < R) < (P < R)  (P < R) < (P < R)  (P < R) < (P < R)  ((P < R) < (P < R)) > (P < R)  ((P < R) < (P < R)) > (P < R)  ((P < R) < (P < R)) > (P < R)  R & (((P < R) < (P < R)) > (P < R))  R & (((P < R) < (P < R)) > (P < R))  R & (((P < R) < (P < R)) > (P < R))  (R & (((P < R) < (P < R)) > (P < R))) v (R & (((P < R) < (P < R)) > (P < R)))  (R & (((P < R) < (P < R)) > (P < R))) v ((R & (((P < R) < (P < R)) > (P < R))) v (R & (((P < R) < (P < R)) > (P < R))))
0 0 |     0      0      0      0      0      0      0      0      0                  1                  1                  1                              0                              0                              0                                    0                                    0                                    0                                                                              0                                                                                                                        0
0 1 |     0      0      0      0      0      0      0      0      0                  1                  1                  1                              0                              0                              0                                    0                                    0                                    0                                                                              0                                                                                                                        0
1 0 |     0      0      0      0      0      0      0      0      0                  1                  1                  1                              0                              0                              0                                    0                                    0                                    0                                                                              0                                                                                                                        0
1 1 |     0      0      0      0      0      0      0      0      0                  1                  1                  1                              0                              0                              0                                    0                                    0                                    0                                                                              0                                                                                                                        0
Não, não é satisfatível.

Problema #64
P Q S | ~P  (~P) < Q  S > ((~P) < Q)
0 0 0 |  1         0               1
0 0 1 |  1         0               0
0 1 0 |  1         1               1
0 1 1 |  1         1               1
1 0 0 |  0         1               1
1 0 1 |  0         1               1
1 1 0 |  0         0               1
1 1 1 |  0         0               0
Sim, é satisfatível.

Problema #65
P | ~P
0 |  1
1 |  0
Sim, é satisfatível.

Problema #66
P R | P > R
0 0 |     1
0 1 |     1
1 0 |     0
1 1 |     1
Sim, é satisfatível.

Problema #67
Q S | Q v S
0 0 |     0
0 1 |     1
1 0 |     1
1 1 |     1
Sim, é satisfatível.

Problema #68
P R S | P & S  R < S  (R < S) v (P & S)  ~((R < S) v (P & S))
0 0 0 |     0      0                  0                     1
0 0 1 |     0      0                  0                     1
0 1 0 |     0      0                  0                     1
0 1 1 |     0      0                  0                     1
1 0 0 |     0      0                  0                     1
1 0 1 |     1      0                  1                     0
1 1 0 |     0      0                  0                     1
1 1 1 |     1      0                  1                     0
Sim, é satisfatível.

Problema #69
P Q S | ~P  P & Q  P > (P & Q)  S & (P > (P & Q))  (S & (P > (P & Q))) & (~P)
0 0 0 |  1      0            1                  0                           0
0 0 1 |  1      0            1                  1                           1
0 1 0 |  1      0            1                  0                           0
0 1 1 |  1      0            1                  1                           1
1 0 0 |  0      0            0                  0                           0
1 0 1 |  0      0            0                  0                           0
1 1 0 |  0      1            1                  0                           0
1 1 1 |  0      1            1                  1                           0
Sim, é satisfatível.

Problema #70
P Q R S | R > Q  S > Q  (S > Q) > P  Q > (R > Q)  ((S > Q) > P) & R  (((S > Q) > P) & R) & (Q > (R > Q))
0 0 0 0 |     1      1            0            1                  0                                    0
0 0 0 1 |     1      0            1            1                  0                                    0
0 0 1 0 |     0      1            0            1                  0                                    0
0 0 1 1 |     0      0            1            1                  1                                    1
0 1 0 0 |     1      1            0            1                  0                                    0
0 1 0 1 |     1      1            0            1                  0                                    0
0 1 1 0 |     1      1            0            1                  0                                    0
0 1 1 1 |     1      1            0            1                  0                                    0
1 0 0 0 |     1      1            1            1                  0                                    0
1 0 0 1 |     1      0            1            1                  0                                    0
1 0 1 0 |     0      1            1            1                  1                                    1
1 0 1 1 |     0      0            1            1                  1                                    1
1 1 0 0 |     1      1            1            1                  0                                    0
1 1 0 1 |     1      1            1            1                  0                                    0
1 1 1 0 |     1      1            1            1                  1                                    1
1 1 1 1 |     1      1            1            1                  1                                    1
Sim, é satisfatível.

Problema #71
R S | ~S  ~S  ~S  R & R  (~S) > (~S)  R > ((~S) > (~S))  (R & R) & (~S)  (R > ((~S) > (~S))) < ((R & R) & (~S))
0 0 |  1   1   1      0            1                  1               0                                       0
0 1 |  0   0   0      0            1                  1               0                                       0
1 0 |  1   1   1      1            1                  1               1                                       1
1 1 |  0   0   0      1            1                  1               0                                       0
Sim, é satisfatível.

Problema #72
P Q R | P > R  (P > R) v Q  ((P > R) v Q) & Q  (((P > R) v Q) & Q) v P
0 0 0 |     1            1                  0                        0
0 0 1 |     1            1                  0                        0
0 1 0 |     1            1                  1                        1
0 1 1 |     1            1                  1                        1
1 0 0 |     0            0                  0                        1
1 0 1 |     1            1                  0                        1
1 1 0 |     0            1                  1                        1
1 1 1 |     1            1                  1                        1
Sim, é satisfatível.

Problema #73
Q S | Q & Q  (Q & Q) > S  ((Q & Q) > S) v S
0 0 |     0            1                  1
0 1 |     0            1                  1
1 0 |     1            0                  0
1 1 |     1            1                  1
Sim, é satisfatível.

Problema #74
P Q R | ~Q  (~Q) & (((~Q) > (R < Q)) > P)  ~Q  R < Q  (~Q) > (R < Q)  ((~Q) > (R < Q)) > P
0 0 0 |  1                              0   1      0               0                     1
0 0 1 |  1                              0   1      0               0                     1
0 1 0 |  0                              0   0      0               1                     0
0 1 1 |  0                              0   0      0               1                     0
1 0 0 |  1                              0   1      0               0                     1
1 0 1 |  1                              0   1      0               0                     1
1 1 0 |  0                              0   0      0               1                     1
1 1 1 |  0                              0   0      0               1                     1
Sim, é satisfatível.

Problema #75
P Q | ~Q  P & Q  (~Q) v (P & Q)
0 0 |  1      0               1
0 1 |  0      0               0
1 0 |  1      0               1
1 1 |  0      1               1
Sim, é satisfatível.

Problema #76
P Q R S | S < S  Q < P  S < S  S < S  (S < S) < R  (S < S) < R  (S < S) < R  (Q < P) & S  ((S < S) < R) < P  ((Q < P) & S) v P  P & (((S < S) < R) < P)  R & (((Q < P) & S) v P)  (R & (((Q < P) & S) v P)) & ((S < S) < R)  ((R & (((Q < P) & S) v P)) & ((S < S) < R)) > (P & (((S < S) < R) < P))  (((R & (((Q < P) & S) v P)) & ((S < S) < R)) > (P & (((S < S) < R) < P))) & ((S < S) < R)
0 0 0 0 |     0      0      0      0            1            1            1            0                  0                  0                        0                        0                                          0                                                                        1                                                                                          1
0 0 0 1 |     0      0      0      0            1            1            1            0                  0                  0                        0                        0                                          0                                                                        1                                                                                          1
0 0 1 0 |     0      0      0      0            0            0            0            0                  1                  0                        0                        0                                          0                                                                        1                                                                                          0
0 0 1 1 |     0      0      0      0            0            0            0            0                  1                  0                        0                        0                                          0                                                                        1                                                                                          0
0 1 0 0 |     0      0      0      0            1            1            1            0                  0                  0                        0                        0                                          0                                                                        1                                                                                          1
0 1 0 1 |     0      0      0      0            1            1            1            0                  0                  0                        0                        0                                          0                                                                        1                                                                                          1
0 1 1 0 |     0      0      0      0            0            0            0            0                  1                  0                        0                        0                                          0                                                                        1                                                                                          0
0 1 1 1 |     0      0      0      0            0            0            0            0                  1                  0                        0                        0                                          0                                                                        1                                                                                          0
1 0 0 0 |     0      0      0      0            1            1            1            0                  1                  1                        1                        0                                          0                                                                        1                                                                                          1
1 0 0 1 |     0      0      0      0            1            1            1            0                  1                  1                        1                        0                                          0                                                                        1                                                                                          1
1 0 1 0 |     0      0      0      0            0            0            0            0                  0                  1                        0                        1                                          0                                                                        1                                                                                          0
1 0 1 1 |     0      0      0      0            0            0            0            0                  0                  1                        0                        1                                          0                                                                        1                                                                                          0
1 1 0 0 |     0      0      0      0            1            1            1            0                  1                  1                        1                        0                                          0                                                                        1                                                                                          1
1 1 0 1 |     0      0      0      0            1            1            1            0                  1                  1                        1                        0                                          0                                                                        1                                                                                          1
1 1 1 0 |     0      0      0      0            0            0            0            0                  0                  1                        0                        1                                          0                                                                        1                                                                                          0
1 1 1 1 |     0      0      0      0            0            0            0            0                  0                  1                        0                        1                                          0                                                                        1                                                                                          0
Sim, é satisfatível.

Problema #77
P Q R | R > P  (R > P) v Q
0 0 0 |     1            1
0 0 1 |     0            0
0 1 0 |     1            1
0 1 1 |     0            1
1 0 0 |     1            1
1 0 1 |     1            1
1 1 0 |     1            1
1 1 1 |     1            1
Sim, é satisfatível.

Problema #78
P R | ~P  ~(~P)  (~(~P)) & R
0 0 |  1      0            0
0 1 |  1      0            0
1 0 |  0      1            0
1 1 |  0      1            1
Sim, é satisfatível.

Problema #79
P Q S | ~P  ~P  S v Q  (~P) & S  S < (S v Q)  (S < (S v Q)) & ((~P) & S)  (~P) v ((S < (S v Q)) & ((~P) & S))  ((~P) v ((S < (S v Q)) & ((~P) & S))) & Q
0 0 0 |  1   1      0         0            1                           0                                    1                                          0
0 0 1 |  1   1      1         1            1                           1                                    1                                          0
0 1 0 |  1   1      1         0            0                           0                                    1                                          1
0 1 1 |  1   1      1         1            1                           1                                    1                                          1
1 0 0 |  0   0      0         0            1                           0                                    0                                          0
1 0 1 |  0   0      1         0            1                           0                                    0                                          0
1 1 0 |  0   0      1         0            0                           0                                    0                                          0
1 1 1 |  0   0      1         0            1                           0                                    0                                          0
Sim, é satisfatível.

Problema #80
P S | ~P  S > (~P)
0 0 |  1         1
0 1 |  1         1
1 0 |  0         1
1 1 |  0         0
Sim, é satisfatível.

Problema #81
Q R | ((~Q) > (R > Q)) < R  ~Q  R > Q  (~Q) > (R > Q)
0 0 |                    0   1      1               1
0 1 |                    0   1      0               0
1 0 |                    0   0      1               1
1 1 |                    0   0      1               1
Sim, é satisfatível.

Problema #82
Q R | ~Q  ~Q  ~Q  ~(~Q)  (~Q) v R  (~Q) v R  ((~Q) v R) > ((~Q) v R)  (~(~Q)) v (((~Q) v R) > ((~Q) v R))  ((~(~Q)) v (((~Q) v R) > ((~Q) v R))) & R
0 0 |  1   1   1      0         1         1                        1                                    1                                          0
0 1 |  1   1   1      0         1         1                        1                                    1                                          1
1 0 |  0   0   0      1         0         0                        1                                    1                                          0
1 1 |  0   0   0      1         1         1                        1                                    1                                          1
Sim, é satisfatível.

Problema #83
P R | ~R  (~R) & P
0 0 |  1         0
0 1 |  0         0
1 0 |  1         1
1 1 |  0         0
Sim, é satisfatível.

Problema #84
P S | S > P  ~(S > P)
0 0 |     1         0
0 1 |     0         1
1 0 |     1         0
1 1 |     1         0
Sim, é satisfatível.

Problema #85
Q S | S < Q
0 0 |     0
0 1 |     0
1 0 |     0
1 1 |     0
Não, não é satisfatível.

Problema #86
Q R S | (~(~Q)) > (R < (S & S))  ~Q  ~(~Q)  S & S  R < (S & S)
0 0 0 |                       0   1      0      0            1
0 0 1 |                       0   1      0      1            0
0 1 0 |                       0   1      0      0            0
0 1 1 |                       0   1      0      1            1
1 0 0 |                       0   0      1      0            1
1 0 1 |                       0   0      1      1            0
1 1 0 |                       0   0      1      0            0
1 1 1 |                       0   0      1      1            1
Sim, é satisfatível.

Problema #87
P R | R v P
0 0 |     0
0 1 |     1
1 0 |     1
1 1 |     1
Sim, é satisfatível.

Problema #88
P S | S > S  (S > S) > P
0 0 |     1            0
0 1 |     1            0
1 0 |     1            1
1 1 |     1            1
Sim, é satisfatível.

Problema #89
Q R | R v Q  (R v Q) & R  ~((R v Q) & R)
0 0 |     0            0               1
0 1 |     1            1               0
1 0 |     1            0               1
1 1 |     1            1               0
Sim, é satisfatível.

Problema #90
P Q R | ~Q  ~R  (~R) & (~Q)  ((~R) & (~Q)) > P  (((~R) & (~Q)) > P) > R
0 0 0 |  1   1            1                  0                        1
0 0 1 |  1   0            0                  1                        1
0 1 0 |  0   1            0                  1                        0
0 1 1 |  0   0            0                  1                        1
1 0 0 |  1   1            1                  1                        0
1 0 1 |  1   0            0                  1                        1
1 1 0 |  0   1            0                  1                        0
1 1 1 |  0   0            0                  1                        1
Sim, é satisfatível.

Problema #91
Q S | S > Q
0 0 |     1
0 1 |     0
1 0 |     1
1 1 |     1
Sim, é satisfatível.

Problema #92
R S | ~S  ~R  S < S  S & (~S)  (~R) < S  ((~R) < S) & (S & (~S))  (((~R) < S) & (S & (~S))) > (S < S)
0 0 |  1   1      0         0         0                        0                                    1
0 1 |  0   1      0         0         1                        0                                    1
1 0 |  1   0      0         0         1                        0                                    1
1 1 |  0   0      0         0         0                        0                                    1
Sim, é satisfatível.

Problema #93
P | 
0 |
1 |
Sim, é satisfatível.

Problema #94
R S | R < S  R < S  (R < S) v S  (R < S) < ((R < S) v S)
0 0 |     0      0            0                        1
0 1 |     0      0            1                        0
1 0 |     0      0            0                        1
1 1 |     0      0            1                        0
Sim, é satisfatível.

Problema #95
Q R | ~R  (~R) & R  Q v ((~R) & R)
0 0 |  1         0               0
0 1 |  0         0               0
1 0 |  1         0               1
1 1 |  0         0               1
Sim, é satisfatível.

Problema #96
R S | ~S  ~S  ~(~S)  (~(~S)) & R  R > (~S)  ((~(~S)) & R) v (R > (~S))
0 0 |  1   1      0            0         1                           1
0 1 |  0   0      1            0         1                           1
1 0 |  1   1      0            0         1                           1
1 1 |  0   0      1            1         0                           1
Sim, é satisfatível.

Problema #97
P S | S > P
0 0 |     1
0 1 |     0
1 0 |     1
1 1 |     1
Sim, é satisfatível.

Problema #98
P S | S & P  ~(S & P)
0 0 |     0         1
0 1 |     0         1
1 0 |     0         1
1 1 |     1         0
Sim, é satisfatível.

Problema #99
R | ~R
0 |  1
1 |  0
Sim, é satisfatível.
